
> library-frontend-service@1.0.0 build
> ng build

[33m❯[39m Building...
[32m✔[39m Building...
[1mInitial chunk files[22m  [2m | [22m[1mNames[22m                [2m | [22m [1mRaw size[22m[2m | [22m[1mEstimated transfer size[22m
[32mchunk-EGHAP2MR.js[39m    [2m | [22m[2m-[22m                    [2m | [22m[36m156.45 kB[39m[2m | [22m               [36m46.18 kB[39m
[32mstyles-WVGMNST3.css[39m  [2m | [22m[2mstyles[22m               [2m | [22m[36m105.67 kB[39m[2m | [22m                [36m8.77 kB[39m
[32mchunk-7USZSGGA.js[39m    [2m | [22m[2m-[22m                    [2m | [22m [36m66.21 kB[39m[2m | [22m               [36m16.53 kB[39m
[32mpolyfills-5CFQRCPP.js[39m[2m | [22m[2mpolyfills[22m            [2m | [22m [36m34.59 kB[39m[2m | [22m               [36m11.33 kB[39m
[32mchunk-WQFT5U7E.js[39m    [2m | [22m[2m-[22m                    [2m | [22m [36m30.76 kB[39m[2m | [22m                [36m8.88 kB[39m
[32mchunk-NQTUJ65X.js[39m    [2m | [22m[2m-[22m                    [2m | [22m  [36m9.89 kB[39m[2m | [22m                [36m2.69 kB[39m
[32mmain-FABAG7HP.js[39m     [2m | [22m[2mmain[22m                 [2m | [22m  [36m4.73 kB[39m[2m | [22m                [36m1.63 kB[39m
[32mchunk-7CGTOI24.js[39m    [2m | [22m[2m-[22m                    [2m | [22m[36m618 bytes[39m[2m | [22m              [36m618 bytes[39m

[1m [22m                    [2m | [22m[1mInitial total[22m        [2m | [22m[1m408.91 kB[22m[2m | [22m               [1m96.62 kB[22m

[1mLazy chunk files[22m     [2m | [22m[1mNames[22m                [2m | [22m [1mRaw size[22m[2m | [22m[1mEstimated transfer size[22m
[32mchunk-MOV3LC67.js[39m    [2m | [22m[2m-[22m                    [2m | [22m [36m93.38 kB[39m[2m | [22m               [36m16.94 kB[39m
[32mchunk-UTVSUL3B.js[39m    [2m | [22m[2m-[22m                    [2m | [22m [36m83.27 kB[39m[2m | [22m               [36m17.00 kB[39m
[32mchunk-2JZCSSY2.js[39m    [2m | [22m[2mbrowser[22m              [2m | [22m [36m67.63 kB[39m[2m | [22m               [36m17.72 kB[39m
[32mchunk-DO6AGYD3.js[39m    [2m | [22m[2m-[22m                    [2m | [22m [36m60.61 kB[39m[2m | [22m               [36m14.40 kB[39m
[32mchunk-BPC66TTU.js[39m    [2m | [22m[2mavailable-books[22m      [2m | [22m [36m49.17 kB[39m[2m | [22m                [36m8.93 kB[39m
[32mchunk-MEJQZXCO.js[39m    [2m | [22m[2mmain-layout-component[22m[2m | [22m [36m43.61 kB[39m[2m | [22m               [36m10.69 kB[39m
[32mchunk-6OTW5F3C.js[39m    [2m | [22m[2mlogin-component[22m      [2m | [22m [36m21.56 kB[39m[2m | [22m                [36m6.01 kB[39m
[32mchunk-JYPSI2MD.js[39m    [2m | [22m[2mnot-found-component[22m  [2m | [22m  [36m9.96 kB[39m[2m | [22m                [36m2.32 kB[39m
[32mchunk-R6BHGTWS.js[39m    [2m | [22m[2m-[22m                    [2m | [22m  [36m9.41 kB[39m[2m | [22m                [36m2.36 kB[39m
[32mchunk-54OBHQAA.js[39m    [2m | [22m[2m-[22m                    [2m | [22m  [36m6.91 kB[39m[2m | [22m                [36m1.52 kB[39m
[32mchunk-BOJ43FUA.js[39m    [2m | [22m[2mdashboard-component[22m  [2m | [22m  [36m5.29 kB[39m[2m | [22m                [36m1.61 kB[39m
[32mchunk-IHUOPBO2.js[39m    [2m | [22m[2mmembers-component[22m    [2m | [22m[36m546 bytes[39m[2m | [22m              [36m546 bytes[39m
[32mchunk-BNKHEHSJ.js[39m    [2m | [22m[2mloans-component[22m      [2m | [22m[36m534 bytes[39m[2m | [22m              [36m534 bytes[39m
[32mchunk-N36XWR5X.js[39m    [2m | [22m[2mbooks-component[22m      [2m | [22m[36m534 bytes[39m[2m | [22m              [36m534 bytes[39m
[32mchunk-OXDV527A.js[39m    [2m | [22m[2mbooks-routes[22m         [2m | [22m[36m389 bytes[39m[2m | [22m              [36m389 bytes[39m
[2m...and 3 more lazy chunks files. Use "--verbose" to show all the files.[22m

Application bundle generation failed. [6.343 seconds]

[1m[33m[33m▲ [43;33m[[43;30mWARNING[43;33m][0m [1mDeprecation[0m [1m[35m[plugin angular-sass][0m

    src/app/features/books/available-books/available-books.scss:7:2:
[37m      7 │   [32m[37mpadding: vars.$spacing-xl vars.$spacing-xl;
        ╵   [32m^[0m


  Sass's behavior for declarations that appear after nested
  rules will be changing to match the behavior specified by CSS in an upcoming
  version. To keep the existing behavior, move the declaration above the nested
  rule. To opt into the new behavior, wrap the declaration in `& {}`.
  
  More info: [4mhttps://sass-lang.com/d/mixed-decls[0m


[33m▲ [43;33m[[43;30mWARNING[43;33m][0m [1mDeprecation[0m [1m[35m[plugin angular-sass][0m

    src/app/features/books/available-books/available-books.scss:8:2:
[37m      8 │   [32m[37mmin-height: 100vh;
        ╵   [32m^[0m


  Sass's behavior for declarations that appear after nested
  rules will be changing to match the behavior specified by CSS in an upcoming
  version. To keep the existing behavior, move the declaration above the nested
  rule. To opt into the new behavior, wrap the declaration in `& {}`.
  
  More info: [4mhttps://sass-lang.com/d/mixed-decls[0m


[33m▲ [43;33m[[43;30mWARNING[43;33m][0m [1mDeprecation[0m [1m[35m[plugin angular-sass][0m

    src/app/features/books/available-books/available-books.scss:9:2:
[37m      9 │   [32m[37mbackground: linear-gradient(
        ╵   [32m^[0m

    135deg,
    color.change(vars.$library-warm-beige, $alpha: 0.1) 0%,
    color.change(vars.$library-light-brown, $alpha: 0.05) 50%,
    color.change(vars.$library-accent-gold, $alpha: 0.03) 100%
  );

  Sass's behavior for declarations that appear after nested
  rules will be changing to match the behavior specified by CSS in an upcoming
  version. To keep the existing behavior, move the declaration above the nested
  rule. To opt into the new behavior, wrap the declaration in `& {}`.
  
  More info: [4mhttps://sass-lang.com/d/mixed-decls[0m


[33m▲ [43;33m[[43;30mWARNING[43;33m][0m [1msrc/app/core/layout/main-layout/main-layout.component.scss exceeded maximum budget. Budget 4.00 kB was not met by 1.17 kB with a total of 5.17 kB.[0m


[33m▲ [43;33m[[43;30mWARNING[43;33m][0m [1msrc/app/shared/components/not-found/not-found.component.scss exceeded maximum budget. Budget 4.00 kB was not met by 1.99 kB with a total of 5.99 kB.[0m


[33m▲ [43;33m[[43;30mWARNING[43;33m][0m [1msrc/app/features/auth/components/login/login.component.scss exceeded maximum budget. Budget 4.00 kB was not met by 718 bytes with a total of 4.72 kB.[0m


[33m▲ [43;33m[[43;30mWARNING[43;33m][0m [1msrc/app/features/books/available-books/available-books.scss exceeded maximum budget. Budget 4.00 kB was not met by 6.75 kB with a total of 10.75 kB.[0m

[39m[22m
[1m[31m[31mX [41;31m[[41;97mERROR[41;31m][0m [1msrc/app/features/books/available-books/available-books.scss exceeded maximum budget. Budget 8.00 kB was not met by 2.75 kB with a total of 10.75 kB.[0m

[39m[22m
